# JRE version: Java(TM) SE Runtime Environment (17.0.11+7) (build 17.0.11+7-LTS-207)
# Java VM: Java HotSpot(TM) 64-Bit Server VM (17.0.11+7-LTS-207, mixed mode, emulated-client, sharing, tiered, compressed oops, compressed class ptrs, g1 gc, windows-amd64)
GC Precious Log:
 CPUs: 8 total, 8 available
 Memory: 16222M
 Large Page Support: Disabled
 NUMA Support: Disabled
 Compressed Oops: Enabled (Zero based)
 Heap Region Size: 2M
 Heap Min Capacity: 8M
 Heap Initial Capacity: 254M
 Heap Max Capacity: 4056M
 Pre-touch: Disabled
 Parallel Workers: 8
 Concurrent Workers: 2
 Concurrent Refinement Workers: 8
 Periodic GC: Disabled
Heap:
 garbage-first heap   total 116736K, used 50469K [0x0000000702800000, 0x0000000800000000)
  region size 2048K, 5 young (10240K), 3 survivors (6144K)
 Metaspace       used 83973K, committed 84608K, reserved 1179648K
  class space    used 11851K, committed 12160K, reserved 1048576K
GC Heap History (20 events):
Event: 1.753 GC heap before
{Heap before GC invocations=7 (full 0):
 garbage-first heap   total 83968K, used 54723K [0x0000000702800000, 0x0000000800000000)
  region size 2048K, 18 young (36864K), 1 survivors (2048K)
 Metaspace       used 29383K, committed 29824K, reserved 1114112K
  class space    used 4112K, committed 4288K, reserved 1048576K
}
Event: 1.756 GC heap after
{Heap after GC invocations=8 (full 0):
 garbage-first heap   total 83968K, used 21309K [0x0000000702800000, 0x0000000800000000)
  region size 2048K, 2 young (4096K), 2 survivors (4096K)
 Metaspace       used 29383K, committed 29824K, reserved 1114112K
  class space    used 4112K, committed 4288K, reserved 1048576K
}
Event: 2.063 GC heap before
{Heap before GC invocations=8 (full 0):
 garbage-first heap   total 83968K, used 56125K [0x0000000702800000, 0x0000000800000000)
  region size 2048K, 19 young (38912K), 2 survivors (4096K)
 Metaspace       used 33241K, committed 33664K, reserved 1114112K
  class space    used 4661K, committed 4864K, reserved 1048576K
}
Event: 2.066 GC heap after
{Heap after GC invocations=9 (full 0):
 garbage-first heap   total 83968K, used 23838K [0x0000000702800000, 0x0000000800000000)
  region size 2048K, 3 young (6144K), 3 survivors (6144K)
 Metaspace       used 33241K, committed 33664K, reserved 1114112K
  class space    used 4661K, committed 4864K, reserved 1048576K
}
Event: 2.213 GC heap before
{Heap before GC invocations=9 (full 0):
 garbage-first heap   total 83968K, used 34078K [0x0000000702800000, 0x0000000800000000)
  region size 2048K, 9 young (18432K), 3 survivors (6144K)
 Metaspace       used 35640K, committed 36096K, reserved 1114112K
  class space    used 4943K, committed 5184K, reserved 1048576K
}
Event: 2.216 GC heap after
{Heap after GC invocations=10 (full 0):
 garbage-first heap   total 83968K, used 25009K [0x0000000702800000, 0x0000000800000000)
  region size 2048K, 2 young (4096K), 2 survivors (4096K)
 Metaspace       used 35640K, committed 36096K, reserved 1114112K
  class space    used 4943K, committed 5184K, reserved 1048576K
}
Event: 2.565 GC heap before
{Heap before GC invocations=11 (full 0):
 garbage-first heap   total 83968K, used 57777K [0x0000000702800000, 0x0000000800000000)
  region size 2048K, 19 young (38912K), 2 survivors (4096K)
 Metaspace       used 42574K, committed 43072K, reserved 1114112K
  class space    used 6021K, committed 6272K, reserved 1048576K
}
Event: 2.568 GC heap after
{Heap after GC invocations=12 (full 0):
 garbage-first heap   total 83968K, used 27104K [0x0000000702800000, 0x0000000800000000)
  region size 2048K, 2 young (4096K), 2 survivors (4096K)
 Metaspace       used 42574K, committed 43072K, reserved 1114112K
  class space    used 6021K, committed 6272K, reserved 1048576K
}
Event: 2.586 GC heap before
{Heap before GC invocations=12 (full 0):
 garbage-first heap   total 83968K, used 29152K [0x0000000702800000, 0x0000000800000000)
  region size 2048K, 3 young (6144K), 2 survivors (4096K)
 Metaspace       used 43008K, committed 43520K, reserved 1114112K
  class space    used 6081K, committed 6336K, reserved 1048576K
}
Event: 2.590 GC heap after
{Heap after GC invocations=13 (full 0):
 garbage-first heap   total 83968K, used 27231K [0x0000000702800000, 0x0000000800000000)
  region size 2048K, 1 young (2048K), 1 survivors (2048K)
 Metaspace       used 43008K, committed 43520K, reserved 1114112K
  class space    used 6081K, committed 6336K, reserved 1048576K
}
Event: 2.933 GC heap before
{Heap before GC invocations=13 (full 0):
 garbage-first heap   total 83968K, used 59999K [0x0000000702800000, 0x0000000800000000)
  region size 2048K, 18 young (36864K), 1 survivors (2048K)
 Metaspace       used 51063K, committed 51584K, reserved 1114112K
  class space    used 7287K, committed 7552K, reserved 1048576K
}
Event: 2.935 GC heap after
{Heap after GC invocations=14 (full 0):
 garbage-first heap   total 167936K, used 28752K [0x0000000702800000, 0x0000000800000000)
  region size 2048K, 2 young (4096K), 2 survivors (4096K)
 Metaspace       used 51063K, committed 51584K, reserved 1114112K
  class space    used 7287K, committed 7552K, reserved 1048576K
}
Event: 3.488 GC heap before
{Heap before GC invocations=14 (full 0):
 garbage-first heap   total 167936K, used 88144K [0x0000000702800000, 0x0000000800000000)
  region size 2048K, 32 young (65536K), 2 survivors (4096K)
 Metaspace       used 60063K, committed 60608K, reserved 1114112K
  class space    used 8639K, committed 8896K, reserved 1048576K
}
Event: 3.491 GC heap after
{Heap after GC invocations=15 (full 0):
 garbage-first heap   total 167936K, used 31902K [0x0000000702800000, 0x0000000800000000)
  region size 2048K, 3 young (6144K), 3 survivors (6144K)
 Metaspace       used 60063K, committed 60608K, reserved 1114112K
  class space    used 8639K, committed 8896K, reserved 1048576K
}
Event: 4.257 GC heap before
{Heap before GC invocations=16 (full 0):
 garbage-first heap   total 116736K, used 93342K [0x0000000702800000, 0x0000000800000000)
  region size 2048K, 34 young (69632K), 3 survivors (6144K)
 Metaspace       used 71013K, committed 71616K, reserved 1114112K
  class space    used 10053K, committed 10304K, reserved 1048576K
}
Event: 4.262 GC heap after
{Heap after GC invocations=17 (full 0):
 garbage-first heap   total 116736K, used 37314K [0x0000000702800000, 0x0000000800000000)
  region size 2048K, 5 young (10240K), 5 survivors (10240K)
 Metaspace       used 71013K, committed 71616K, reserved 1114112K
  class space    used 10053K, committed 10304K, reserved 1048576K
}
Event: 4.726 GC heap before
{Heap before GC invocations=17 (full 0):
 garbage-first heap   total 116736K, used 88514K [0x0000000702800000, 0x0000000800000000)
  region size 2048K, 30 young (61440K), 5 survivors (10240K)
 Metaspace       used 78389K, committed 79040K, reserved 1179648K
  class space    used 11134K, committed 11456K, reserved 1048576K
}
Event: 4.733 GC heap after
{Heap after GC invocations=18 (full 0):
 garbage-first heap   total 116736K, used 44218K [0x0000000702800000, 0x0000000800000000)
  region size 2048K, 4 young (8192K), 4 survivors (8192K)
 Metaspace       used 78389K, committed 79040K, reserved 1179648K
  class space    used 11134K, committed 11456K, reserved 1048576K
}
Event: 15.106 GC heap before
{Heap before GC invocations=18 (full 0):
 garbage-first heap   total 116736K, used 85178K [0x0000000702800000, 0x0000000800000000)
  region size 2048K, 25 young (51200K), 4 survivors (8192K)
 Metaspace       used 83222K, committed 83904K, reserved 1179648K
  class space    used 11778K, committed 12096K, reserved 1048576K
}
Event: 15.111 GC heap after
{Heap after GC invocations=19 (full 0):
 garbage-first heap   total 116736K, used 48421K [0x0000000702800000, 0x0000000800000000)
  region size 2048K, 3 young (6144K), 3 survivors (6144K)
 Metaspace       used 83222K, committed 83904K, reserved 1179648K
  class space    used 11778K, committed 12096K, reserved 1048576K
}

